Hmm ... looks like a package

This is pdfTeX, Version 3.14159265-2.6-1.40.17 (TeX Live 2016) (preloaded format=pdflatex)
 restricted \write18 enabled.
entering extended mode

(/private/var/folders/hp/d69mv0h97bj1_7bt_zgdcff00000gp/T/RtmpZvWLVo/Rd2pdf327f
484bc725/Rd2.tex
LaTeX2e <2016/03/31>
Babel <3.9r> and hyphenation patterns for 83 language(s) loaded.

(/usr/local/texlive/2016/texmf-dist/tex/latex/base/book.cls
Document Class: book 2014/09/29 v1.4h Standard LaTeX document class
(/usr/local/texlive/2016/texmf-dist/tex/latex/base/bk10.clo))
(/usr/local/Cellar/r/3.4.3/lib/R/share/texmf/tex/latex/Rd.sty
(/usr/local/texlive/2016/texmf-dist/tex/latex/base/ifthen.sty)
(/usr/local/texlive/2016/texmf-dist/tex/latex/tools/longtable.sty)
(/usr/local/texlive/2016/texmf-dist/tex/latex/tools/bm.sty)
(/usr/local/texlive/2016/texmf-dist/tex/latex/base/alltt.sty)
(/usr/local/texlive/2016/texmf-dist/tex/latex/tools/verbatim.sty)
(/usr/local/texlive/2016/texmf-dist/tex/latex/url/url.sty)
(/usr/local/texlive/2016/texmf-dist/tex/latex/base/textcomp.sty
(/usr/local/texlive/2016/texmf-dist/tex/latex/base/ts1enc.def))
(/usr/local/texlive/2016/texmf-dist/tex/latex/base/fontenc.sty
(/usr/local/texlive/2016/texmf-dist/tex/latex/base/t1enc.def))
(/usr/local/texlive/2016/texmf-dist/tex/latex/psnfss/times.sty)
(/usr/local/texlive/2016/texmf-dist/tex/latex/inconsolata/zi4.sty
`inconsolata-zi4' v1.10, 2016/02/22 Text macros for Inconsolata (msharpe)
(/usr/local/texlive/2016/texmf-dist/tex/latex/graphics/keyval.sty))
(/usr/local/texlive/2016/texmf-dist/tex/latex/graphics/color.sty
(/usr/local/texlive/2016/texmf-dist/tex/latex/graphics-cfg/color.cfg)
(/usr/local/texlive/2016/texmf-dist/tex/latex/pdftex-def/pdftex.def
(/usr/local/texlive/2016/texmf-dist/tex/generic/oberdiek/infwarerr.sty)
(/usr/local/texlive/2016/texmf-dist/tex/generic/oberdiek/ltxcmds.sty)))
(/usr/local/texlive/2016/texmf-dist/tex/latex/hyperref/hyperref.sty
(/usr/local/texlive/2016/texmf-dist/tex/generic/oberdiek/hobsub-hyperref.sty
(/usr/local/texlive/2016/texmf-dist/tex/generic/oberdiek/hobsub-generic.sty))
(/usr/local/texlive/2016/texmf-dist/tex/generic/ifxetex/ifxetex.sty)
(/usr/local/texlive/2016/texmf-dist/tex/latex/oberdiek/auxhook.sty)
(/usr/local/texlive/2016/texmf-dist/tex/latex/oberdiek/kvoptions.sty)
(/usr/local/texlive/2016/texmf-dist/tex/latex/hyperref/pd1enc.def)
(/usr/local/texlive/2016/texmf-dist/tex/latex/latexconfig/hyperref.cfg))

Package hyperref Message: Driver (autodetected): hpdftex.

(/usr/local/texlive/2016/texmf-dist/tex/latex/hyperref/hpdftex.def
(/usr/local/texlive/2016/texmf-dist/tex/latex/oberdiek/rerunfilecheck.sty))

Package hyperref Warning: Option `hyperindex' has already been used,
(hyperref)                setting the option has no effect on input line 366.


Package hyperref Warning: Option `pagebackref' has already been used,
(hyperref)                setting the option has no effect on input line 366.

) (/usr/local/texlive/2016/texmf-dist/tex/latex/base/makeidx.sty)
(/usr/local/texlive/2016/texmf-dist/tex/latex/base/inputenc.sty
(/usr/local/texlive/2016/texmf-dist/tex/latex/base/utf8.def
(/usr/local/texlive/2016/texmf-dist/tex/latex/base/t1enc.dfu)
(/usr/local/texlive/2016/texmf-dist/tex/latex/base/ot1enc.dfu)
(/usr/local/texlive/2016/texmf-dist/tex/latex/base/omsenc.dfu)
(/usr/local/texlive/2016/texmf-dist/tex/latex/base/ts1enc.dfu))
(/usr/local/texlive/2016/texmf-dist/tex/latex/base/latin1.def))
Writing index file Rd2.idx
No file Rd2.aux.
(/usr/local/texlive/2016/texmf-dist/tex/latex/base/ts1cmr.fd)
(/usr/local/texlive/2016/texmf-dist/tex/latex/psnfss/t1ptm.fd)
(/usr/local/texlive/2016/texmf-dist/tex/context/base/mkii/supp-pdf.mkii
[Loading MPS to PDF converter (version 2006.09.02).]
) (/usr/local/texlive/2016/texmf-dist/tex/latex/hyperref/nameref.sty
(/usr/local/texlive/2016/texmf-dist/tex/generic/oberdiek/gettitlestring.sty))
(/usr/local/texlive/2016/texmf-dist/tex/latex/inconsolata/t1zi4.fd)
(/usr/local/texlive/2016/texmf-dist/tex/latex/psnfss/ts1ptm.fd)
(/usr/local/texlive/2016/texmf-dist/tex/latex/psnfss/t1phv.fd)
(/usr/local/texlive/2016/texmf-dist/tex/latex/base/utf8.def) [1{/usr/local/texl
ive/2016/texmf-var/fonts/map/pdftex/updmap/pdftex.map}pdfTeX warning (ext4): de
stination with the same identifier (name{Rfn.allocationTable.redcapApiConnectio
n}) has been already used, duplicate ignored

\AtBegShi@Output ...ipout \box \AtBeginShipoutBox 
                                                  \fi \fi 
l.58 ...trata = NULL, group = NULL, dag.id = NULL,
                                                  ]
(/usr/local/texlive/2016/texmf-dist/tex/latex/inconsolata/ts1zi4.fd) [2]
(/usr/local/texlive/2016/texmf-dist/tex/latex/base/utf8.def)
Overfull \hbox (11.83798pt too wide) in paragraph at lines 174--181
[]\T1/zi4/m/n/10 apiCall \T1/ptm/m/n/10 is a wrap-per for at-tempt-ing to ac-ce
ss the API via \T1/zi4/m/n/10 httr::POST\T1/ptm/m/n/10 , and then via \T1/zi4/m
/n/10 RCurl::postForm
[3]
Overfull \hbox (26.629pt too wide) in paragraph at lines 193--195
[]\T1/ptm/m/n/10 List of pa-ram-e-ters to be passed to \T1/zi4/m/n/10 httr::POS
T\T1/ptm/m/n/10 's \T1/zi4/m/n/10 body \T1/ptm/m/n/10 ar-gu-ment or \T1/zi4/m/n
/10 RCurl::postForm\T1/ptm/m/n/10 's

Overfull \hbox (27.99863pt too wide) in paragraph at lines 196--198
[]\T1/ptm/m/n/10 A list of op-tions to be passed to \T1/zi4/m/n/10 httr::POST\T
1/ptm/m/n/10 's \T1/zi4/m/n/10 config \T1/ptm/m/n/10 ar-gu-ment or \T1/zi4/m/n/
10 RCurl::postForm\T1/ptm/m/n/10 's
(/usr/local/texlive/2016/texmf-dist/tex/latex/base/utf8.def) [4pdfTeX warning (
ext4): destination with the same identifier (name{Rfn.deleteFiles.redcapApiConn
ection}) has been already used, duplicate ignored

\AtBegShi@Output ...ipout \box \AtBeginShipoutBox 
                                                  \fi \fi 
l.260 \item[\code{field}]
                          The field name in which the file is stored. Must b...
] (/usr/local/texlive/2016/texmf-dist/tex/latex/base/utf8.def) [5pdfTeX warning
 (ext4): destination with the same identifier (name{Rfn.exportArms.redcapApiCon
nection}) has been already used, duplicate ignored

\AtBegShi@Output ...ipout \box \AtBeginShipoutBox 
                                                  \fi \fi 
l.321 ## S3 method for class 'redcapApiConnection'
                                                  ]
(/usr/local/texlive/2016/texmf-dist/tex/latex/base/utf8.def) [6] [7pdfTeX warni
ng (ext4): destination with the same identifier (name{Rfn.exportEvents.redcapAp
iConnection}) has been already used, duplicate ignored

\AtBegShi@Output ...ipout \box \AtBeginShipoutBox 
                                                  \fi \fi 
l.445 ...t offset_min offset_max unique_event_name
                                                  ]
(/usr/local/texlive/2016/texmf-dist/tex/latex/base/utf8.def) [8pdfTeX warning (
ext4): destination with the same identifier (name{Rfn.exportFiles.redcapApiConn
ection}) has been already used, duplicate ignored

\AtBegShi@Output ...ipout \box \AtBeginShipoutBox 
                                                  \fi \fi 
l.513 \end{Details}
                   ]
(/usr/local/texlive/2016/texmf-dist/tex/latex/base/utf8.def) [9]
(/usr/local/texlive/2016/texmf-dist/tex/latex/base/utf8.def) [10pdfTeX warning 
(ext4): destination with the same identifier (name{Rfn.exportInstruments.redcap
ApiConnection}) has been already used, duplicate ignored

\AtBegShi@Output ...ipout \box \AtBeginShipoutBox 
                                                  \fi \fi 
l.631 ## S3 method for class 'redcapDbConnection'
                                                 ] [11pdfTeX warning (ext4): de
stination with the same identifier (name{Rfn.exportMappings.redcapApiConnection
}) has been already used, duplicate ignored

\AtBegShi@Output ...ipout \box \AtBeginShipoutBox 
                                                  \fi \fi 
l.682 > exportMappings(rcon)
                            ]
(/usr/local/texlive/2016/texmf-dist/tex/latex/base/utf8.def) [12pdfTeX warning 
(ext4): destination with the same identifier (name{Rfn.exportMetaData.redcapApi
Connection}) has been already used, duplicate ignored

\AtBegShi@Output ...ipout \box \AtBeginShipoutBox 
                                                  \fi \fi 
l.745 \item[\code{...}]
                        Arguments to be passed to other methods.]
(/usr/local/texlive/2016/texmf-dist/tex/latex/base/utf8.def) [13pdfTeX warning 
(ext4): destination with the same identifier (name{Rfn.exportRecords.redcapApiC
onnection}) has been already used, duplicate ignored

\AtBegShi@Output ...ipout \box \AtBeginShipoutBox 
                                                  \fi \fi 
l.806 
      ]
Overfull \hbox (47.35793pt too wide) in paragraph at lines 851--861
[]\T1/ptm/m/n/10 specifies whether or not to ex-port the sur-vey iden-ti-fier f
ield (e.g., "red-cap_survey_identifier")

Overfull \hbox (28.1686pt too wide) in paragraph at lines 875--876
[]\T1/ptm/m/n/10 A (named) vec-tor of colum classes passed to [][]\T1/zi4/m/n/1
0 [utils::read.csv()]utils::read.csv[][][]
[14] [15]
Underfull \vbox (badness 10000) has occurred while \output is active [16]
(/usr/local/texlive/2016/texmf-dist/tex/latex/base/utf8.def) [17pdfTeX warning 
(ext4): destination with the same identifier (name{Rfn.exportReports.redcapApiC
onnection}) has been already used, duplicate ignored

\AtBegShi@Output ...ipout \box \AtBeginShipoutBox 
                                                  \fi \fi 
l.1059 ...Reports(rcon, report_id, factors = TRUE,
                                                  ]
(/usr/local/texlive/2016/texmf-dist/tex/latex/base/utf8.def) [18pdfTeX warning 
(ext4): destination with the same identifier (name{Rfn.exportUsers.redcapApiCon
nection}) has been already used, duplicate ignored

\AtBegShi@Output ...ipout \box \AtBeginShipoutBox 
                                                  \fi \fi 
l.1125 ...rtUsers(rcon, date = TRUE, label = TRUE,
                                                  ] [19]
(/usr/local/texlive/2016/texmf-dist/tex/latex/base/utf8.def) [20pdfTeX warning 
(ext4): destination with the same identifier (name{Rfn.exportVersion.redcapApiC
onnection}) has been already used, duplicate ignored

\AtBegShi@Output ...ipout \box \AtBeginShipoutBox 
                                                  \fi \fi 
l.1244 
       ] (/usr/local/texlive/2016/texmf-dist/tex/latex/base/utf8.def)
Overfull \hbox (12.03923pt too wide) in paragraph at lines 1308--1310
[]\T1/ptm/m/n/10 The vari-able name be-ing con-verted. This is used only when \
T1/zi4/m/n/10 checkboxLabels=TRUE
[21] (/usr/local/texlive/2016/texmf-dist/tex/latex/base/utf8.def) [22pdfTeX war
ning (ext4): destination with the same identifier (name{Rfn.importFiles.redcapA
piConnection}) has been already used, duplicate ignored

\AtBegShi@Output ...ipout \box \AtBeginShipoutBox 
                                                  \fi \fi 
l.1375 \end{Details}
                    ]
(/usr/local/texlive/2016/texmf-dist/tex/latex/base/utf8.def) [23pdfTeX warning 
(ext4): destination with the same identifier (name{Rfn.importRecords.redcapApiC
onnection}) has been already used, duplicate ignored

\AtBegShi@Output ...ipout \box \AtBeginShipoutBox 
                                                  \fi \fi 
l.1438 
       ]
Overfull \hbox (7.28088pt too wide) in paragraph at lines 1494--1498
[][][]$\T1/zi4/m/n/10 http : / / stackoverflow . com / questions / 12393004 / p
arsing-[]back-[]to-[]messy-[]api-[]strcuture /

Overfull \hbox (9.28088pt too wide) in paragraph at lines 1494--1498
[][]$\T1/zi4/m/n/10 https : / / github . com / etb / my-[]R-[]code / blob / mas
ter / R-[]pull-[]and-[]push-[]from-[]and-[]to-[]REDCap .
[24] (/usr/local/texlive/2016/texmf-dist/tex/latex/base/utf8.def) [25]
(/usr/local/texlive/2016/texmf-dist/tex/latex/base/utf8.def) [26]
Overfull \hbox (207.65822pt too wide) in paragraph at lines 1645--1650
[]\T1/ptm/m/n/10 The ac-tual code to per-form this is not par-tic-u-larly dif-f
i-cult (\T1/zi4/m/n/10 df[checkbox] <- lapply(df[checkbox], factor, levels=leve
ls, labels=labels)\T1/ptm/m/n/10 ),
[27]
Underfull \vbox (badness 10000) has occurred while \output is active [28]
(/usr/local/texlive/2016/texmf-dist/tex/latex/base/utf8.def) [29]
(/usr/local/texlive/2016/texmf-dist/tex/latex/base/utf8.def) [30]
Overfull \hbox (0.77815pt too wide) in paragraph at lines 1903--1905
[]\T1/ptm/m/n/10 Additional Curl op-tion can be set in the \T1/zi4/m/n/10 confi
g \T1/ptm/m/n/10 ar-gu-ment. See the doc-u-men-ta-tion for \T1/zi4/m/n/10 httr:
:config

Overfull \hbox (6.99689pt too wide) in paragraph at lines 1925--1927
[]\T1/ptm/m/n/10 A tu-to-rial for find-ing and us-ing al-ter-nate SSL cer-tifi-
cates is found at [][]$\T1/zi4/m/n/10 https : / / github . com / nutterb /
(/usr/local/texlive/2016/texmf-dist/tex/latex/base/utf8.def) [31]
(/usr/local/texlive/2016/texmf-dist/tex/latex/base/utf8.def) [32pdfTeX warning 
(ext4): destination with the same identifier (name{Rfn.redcapProjectInfo.redcap
ApiConnection}) has been already used, duplicate ignored

\AtBegShi@Output ...ipout \box \AtBeginShipoutBox 
                                                  \fi \fi 
l.2002   v.number = "")
                       ]
(/usr/local/texlive/2016/texmf-dist/tex/latex/base/utf8.def) [33]
(/usr/local/texlive/2016/texmf-dist/tex/latex/base/utf8.def) [34] [35]
No file Rd2.ind.
[36] (./Rd2.aux)

Package rerunfilecheck Warning: File `Rd2.out' has changed.
(rerunfilecheck)                Rerun to get outlines right
(rerunfilecheck)                or use package `bookmark'.

 )
(see the transcript file for additional information)pdfTeX warning (dest): name
{Rfn.[utils::read.csv\(\)]utils::read.csv} has been referenced but does not exi
st, replaced by a fixed one

{/usr/local/texlive/2016/texmf-dist/fonts/enc/dvips/inconsolata/i4-ts1.enc}{/us
r/local/texlive/2016/texmf-dist/fonts/enc/dvips/base/8r.enc}{/usr/local/texlive
/2016/texmf-dist/fonts/enc/dvips/inconsolata/i4-t1-0.enc}</usr/local/texlive/20
16/texmf-dist/fonts/type1/public/inconsolata/Inconsolata-zi4r.pfb></usr/local/t
exlive/2016/texmf-dist/fonts/type1/urw/helvetic/uhvr8a.pfb></usr/local/texlive/
2016/texmf-dist/fonts/type1/urw/times/utmb8a.pfb></usr/local/texlive/2016/texmf
-dist/fonts/type1/urw/times/utmr8a.pfb></usr/local/texlive/2016/texmf-dist/font
s/type1/urw/times/utmr8a.pfb></usr/local/texlive/2016/texmf-dist/fonts/type1/ur
w/times/utmri8a.pfb>
Output written on Rd2.pdf (36 pages, 160845 bytes).
Transcript written on Rd2.log.
This is makeindex, version 2.15 [TeX Live 2016] (kpathsea + Thai support).
Scanning input file ./Rd2.idx....done (32 entries accepted, 0 rejected).
Sorting entries....done (165 comparisons).
Generating output file ./Rd2.ind....done (74 lines written, 0 warnings).
Output written in ./Rd2.ind.
Transcript written in ./Rd2.ilg.
This is pdfTeX, Version 3.14159265-2.6-1.40.17 (TeX Live 2016) (preloaded format=pdflatex)
 restricted \write18 enabled.
entering extended mode

(/private/var/folders/hp/d69mv0h97bj1_7bt_zgdcff00000gp/T/RtmpZvWLVo/Rd2pdf327f
484bc725/Rd2.tex
LaTeX2e <2016/03/31>
Babel <3.9r> and hyphenation patterns for 83 language(s) loaded.

(/usr/local/texlive/2016/texmf-dist/tex/latex/base/book.cls
Document Class: book 2014/09/29 v1.4h Standard LaTeX document class
(/usr/local/texlive/2016/texmf-dist/tex/latex/base/bk10.clo))
(/usr/local/Cellar/r/3.4.3/lib/R/share/texmf/tex/latex/Rd.sty
(/usr/local/texlive/2016/texmf-dist/tex/latex/base/ifthen.sty)
(/usr/local/texlive/2016/texmf-dist/tex/latex/tools/longtable.sty)
(/usr/local/texlive/2016/texmf-dist/tex/latex/tools/bm.sty)
(/usr/local/texlive/2016/texmf-dist/tex/latex/base/alltt.sty)
(/usr/local/texlive/2016/texmf-dist/tex/latex/tools/verbatim.sty)
(/usr/local/texlive/2016/texmf-dist/tex/latex/url/url.sty)
(/usr/local/texlive/2016/texmf-dist/tex/latex/base/textcomp.sty
(/usr/local/texlive/2016/texmf-dist/tex/latex/base/ts1enc.def))
(/usr/local/texlive/2016/texmf-dist/tex/latex/base/fontenc.sty
(/usr/local/texlive/2016/texmf-dist/tex/latex/base/t1enc.def))
(/usr/local/texlive/2016/texmf-dist/tex/latex/psnfss/times.sty)
(/usr/local/texlive/2016/texmf-dist/tex/latex/inconsolata/zi4.sty
`inconsolata-zi4' v1.10, 2016/02/22 Text macros for Inconsolata (msharpe)
(/usr/local/texlive/2016/texmf-dist/tex/latex/graphics/keyval.sty))
(/usr/local/texlive/2016/texmf-dist/tex/latex/graphics/color.sty
(/usr/local/texlive/2016/texmf-dist/tex/latex/graphics-cfg/color.cfg)
(/usr/local/texlive/2016/texmf-dist/tex/latex/pdftex-def/pdftex.def
(/usr/local/texlive/2016/texmf-dist/tex/generic/oberdiek/infwarerr.sty)
(/usr/local/texlive/2016/texmf-dist/tex/generic/oberdiek/ltxcmds.sty)))
(/usr/local/texlive/2016/texmf-dist/tex/latex/hyperref/hyperref.sty
(/usr/local/texlive/2016/texmf-dist/tex/generic/oberdiek/hobsub-hyperref.sty
(/usr/local/texlive/2016/texmf-dist/tex/generic/oberdiek/hobsub-generic.sty))
(/usr/local/texlive/2016/texmf-dist/tex/generic/ifxetex/ifxetex.sty)
(/usr/local/texlive/2016/texmf-dist/tex/latex/oberdiek/auxhook.sty)
(/usr/local/texlive/2016/texmf-dist/tex/latex/oberdiek/kvoptions.sty)
(/usr/local/texlive/2016/texmf-dist/tex/latex/hyperref/pd1enc.def)
(/usr/local/texlive/2016/texmf-dist/tex/latex/latexconfig/hyperref.cfg))

Package hyperref Message: Driver (autodetected): hpdftex.

(/usr/local/texlive/2016/texmf-dist/tex/latex/hyperref/hpdftex.def
(/usr/local/texlive/2016/texmf-dist/tex/latex/oberdiek/rerunfilecheck.sty))

Package hyperref Warning: Option `hyperindex' has already been used,
(hyperref)                setting the option has no effect on input line 366.


Package hyperref Warning: Option `pagebackref' has already been used,
(hyperref)                setting the option has no effect on input line 366.

) (/usr/local/texlive/2016/texmf-dist/tex/latex/base/makeidx.sty)
(/usr/local/texlive/2016/texmf-dist/tex/latex/base/inputenc.sty
(/usr/local/texlive/2016/texmf-dist/tex/latex/base/utf8.def
(/usr/local/texlive/2016/texmf-dist/tex/latex/base/t1enc.dfu)
(/usr/local/texlive/2016/texmf-dist/tex/latex/base/ot1enc.dfu)
(/usr/local/texlive/2016/texmf-dist/tex/latex/base/omsenc.dfu)
(/usr/local/texlive/2016/texmf-dist/tex/latex/base/ts1enc.dfu))
(/usr/local/texlive/2016/texmf-dist/tex/latex/base/latin1.def))
Writing index file Rd2.idx
(./Rd2.aux) (/usr/local/texlive/2016/texmf-dist/tex/latex/base/ts1cmr.fd)
(/usr/local/texlive/2016/texmf-dist/tex/latex/psnfss/t1ptm.fd)
(/usr/local/texlive/2016/texmf-dist/tex/context/base/mkii/supp-pdf.mkii
[Loading MPS to PDF converter (version 2006.09.02).]
) (/usr/local/texlive/2016/texmf-dist/tex/latex/hyperref/nameref.sty
(/usr/local/texlive/2016/texmf-dist/tex/generic/oberdiek/gettitlestring.sty))
(./Rd2.out) (./Rd2.out)
(/usr/local/texlive/2016/texmf-dist/tex/latex/inconsolata/t1zi4.fd)
(/usr/local/texlive/2016/texmf-dist/tex/latex/psnfss/ts1ptm.fd)
(/usr/local/texlive/2016/texmf-dist/tex/latex/psnfss/t1phv.fd) (./Rd2.toc
[1{/usr/local/texlive/2016/texmf-var/fonts/map/pdftex/updmap/pdftex.map}])
(/usr/local/texlive/2016/texmf-dist/tex/latex/base/utf8.def)
(/usr/local/texlive/2016/texmf-dist/tex/latex/inconsolata/ts1zi4.fd) [2pdfTeX w
arning (ext4): destination with the same identifier (name{Rfn.allocationTable.r
edcapApiConnection}) has been already used, duplicate ignored

\AtBegShi@Output ...ipout \box \AtBeginShipoutBox 
                                                  \fi \fi 
l.93 
     ] [3] (/usr/local/texlive/2016/texmf-dist/tex/latex/base/utf8.def)
Overfull \hbox (11.83798pt too wide) in paragraph at lines 174--181
[]\T1/zi4/m/n/10 apiCall \T1/ptm/m/n/10 is a wrap-per for at-tempt-ing to ac-ce
ss the API via \T1/zi4/m/n/10 httr::POST\T1/ptm/m/n/10 , and then via \T1/zi4/m
/n/10 RCurl::postForm

Overfull \hbox (26.629pt too wide) in paragraph at lines 193--195
[]\T1/ptm/m/n/10 List of pa-ram-e-ters to be passed to \T1/zi4/m/n/10 httr::POS
T\T1/ptm/m/n/10 's \T1/zi4/m/n/10 body \T1/ptm/m/n/10 ar-gu-ment or \T1/zi4/m/n
/10 RCurl::postForm\T1/ptm/m/n/10 's

Overfull \hbox (27.99863pt too wide) in paragraph at lines 196--198
[]\T1/ptm/m/n/10 A list of op-tions to be passed to \T1/zi4/m/n/10 httr::POST\T
1/ptm/m/n/10 's \T1/zi4/m/n/10 config \T1/ptm/m/n/10 ar-gu-ment or \T1/zi4/m/n/
10 RCurl::postForm\T1/ptm/m/n/10 's
[4] (/usr/local/texlive/2016/texmf-dist/tex/latex/base/utf8.def) [5pdfTeX warni
ng (ext4): destination with the same identifier (name{Rfn.deleteFiles.redcapApi
Connection}) has been already used, duplicate ignored

\AtBegShi@Output ...ipout \box \AtBeginShipoutBox 
                                                  \fi \fi 
l.281 \end{References}
                      ]
(/usr/local/texlive/2016/texmf-dist/tex/latex/base/utf8.def) [6pdfTeX warning (
ext4): destination with the same identifier (name{Rfn.exportArms.redcapApiConne
ction}) has been already used, duplicate ignored

\AtBegShi@Output ...ipout \box \AtBeginShipoutBox 
                                                  \fi \fi 
l.346 \end{Details}
                   ]
(/usr/local/texlive/2016/texmf-dist/tex/latex/base/utf8.def) [7pdfTeX warning (
ext4): destination with the same identifier (name{Rfn.exportEvents.redcapApiCon
nection}) has been already used, duplicate ignored

\AtBegShi@Output ...ipout \box \AtBeginShipoutBox 
                                                  \fi \fi 
l.406 \item[\code{arms}]
                         A vector of arm numbers that you wish to pull event...
] (/usr/local/texlive/2016/texmf-dist/tex/latex/base/utf8.def) [8pdfTeX warning
 (ext4): destination with the same identifier (name{Rfn.exportFiles.redcapApiCo
nnection}) has been already used, duplicate ignored

\AtBegShi@Output ...ipout \box \AtBeginShipoutBox 
                                                  \fi \fi 
l.468 ...ield, event, dir, filePrefix = TRUE, ...,
                                                  ] [9]
(/usr/local/texlive/2016/texmf-dist/tex/latex/base/utf8.def) [10pdfTeX warning 
(ext4): destination with the same identifier (name{Rfn.exportInstruments.redcap
ApiConnection}) has been already used, duplicate ignored

\AtBegShi@Output ...ipout \box \AtBeginShipoutBox 
                                                  \fi \fi 
l.602 
      ] (/usr/local/texlive/2016/texmf-dist/tex/latex/base/utf8.def) [11pdfTeX 
warning (ext4): destination with the same identifier (name{Rfn.exportMappings.r
edcapApiConnection}) has been already used, duplicate ignored

\AtBegShi@Output ...ipout \box \AtBeginShipoutBox 
                                                  \fi \fi 
l.662 \end{Author}
                  ] (/usr/local/texlive/2016/texmf-dist/tex/latex/base/utf8.def
) [12] [13pdfTeX warning (ext4): destination with the same identifier (name{Rfn
.exportMetaData.redcapApiConnection}) has been already used, duplicate ignored

\AtBegShi@Output ...ipout \box \AtBeginShipoutBox 
                                                  \fi \fi 
l.780 ## End(Not run)
                     ]
(/usr/local/texlive/2016/texmf-dist/tex/latex/base/utf8.def) [14pdfTeX warning 
(ext4): destination with the same identifier (name{Rfn.exportRecords.redcapApiC
onnection}) has been already used, duplicate ignored

\AtBegShi@Output ...ipout \box \AtBeginShipoutBox 
                                                  \fi \fi 
l.851 \item[\code{survey}]
                           specifies whether or not to export the survey ide...
]
Overfull \hbox (47.35793pt too wide) in paragraph at lines 851--861
[]\T1/ptm/m/n/10 specifies whether or not to ex-port the sur-vey iden-ti-fier f
ield (e.g., "red-cap_survey_identifier")

Overfull \hbox (28.1686pt too wide) in paragraph at lines 875--876
[]\T1/ptm/m/n/10 A (named) vec-tor of colum classes passed to [][]\T1/zi4/m/n/1
0 [utils::read.csv()]utils::read.csv[][][]
[15] [16]
Underfull \vbox (badness 10000) has occurred while \output is active [17]
(/usr/local/texlive/2016/texmf-dist/tex/latex/base/utf8.def) [18pdfTeX warning 
(ext4): destination with the same identifier (name{Rfn.exportReports.redcapApiC
onnection}) has been already used, duplicate ignored

\AtBegShi@Output ...ipout \box \AtBeginShipoutBox 
                                                  \fi \fi 
l.1104 \end{Author}
                   ]
(/usr/local/texlive/2016/texmf-dist/tex/latex/base/utf8.def) [19pdfTeX warning 
(ext4): destination with the same identifier (name{Rfn.exportUsers.redcapApiCon
nection}) has been already used, duplicate ignored

\AtBegShi@Output ...ipout \box \AtBeginShipoutBox 
                                                  \fi \fi 
l.1175 \end{References}
                       ]
(/usr/local/texlive/2016/texmf-dist/tex/latex/base/utf8.def) [20]
(/usr/local/texlive/2016/texmf-dist/tex/latex/base/utf8.def) [21pdfTeX warning 
(ext4): destination with the same identifier (name{Rfn.exportVersion.redcapApiC
onnection}) has been already used, duplicate ignored

\AtBegShi@Output ...ipout \box \AtBeginShipoutBox 
                                                  \fi \fi 
l.1292 \item[\code{d}]
                       A data files, as returned by \code{exportRecords}]
Overfull \hbox (12.03923pt too wide) in paragraph at lines 1308--1310
[]\T1/ptm/m/n/10 The vari-able name be-ing con-verted. This is used only when \
T1/zi4/m/n/10 checkboxLabels=TRUE
(/usr/local/texlive/2016/texmf-dist/tex/latex/base/utf8.def) [22pdfTeX warning 
(ext4): destination with the same identifier (name{Rfn.importFiles.redcapApiCon
nection}) has been already used, duplicate ignored

\AtBegShi@Output ...ipout \box \AtBeginShipoutBox 
                                                  \fi \fi 
l.1358 \item[\code{event}]
                           The event name for the file.  Must be length 1.  ...
] (/usr/local/texlive/2016/texmf-dist/tex/latex/base/utf8.def) [23pdfTeX warnin
g (ext4): destination with the same identifier (name{Rfn.importRecords.redcapAp
iConnection}) has been already used, duplicate ignored

\AtBegShi@Output ...ipout \box \AtBeginShipoutBox 
                                                  \fi \fi 
l.1416 ## S3 method for class 'redcapDbConnection'
                                                  ] [24]
Overfull \hbox (7.28088pt too wide) in paragraph at lines 1494--1498
[][][]$\T1/zi4/m/n/10 http : / / stackoverflow . com / questions / 12393004 / p
arsing-[]back-[]to-[]messy-[]api-[]strcuture /

Overfull \hbox (9.28088pt too wide) in paragraph at lines 1494--1498
[][]$\T1/zi4/m/n/10 https : / / github . com / etb / my-[]R-[]code / blob / mas
ter / R-[]pull-[]and-[]push-[]from-[]and-[]to-[]REDCap .
[25] (/usr/local/texlive/2016/texmf-dist/tex/latex/base/utf8.def)
(/usr/local/texlive/2016/texmf-dist/tex/latex/base/utf8.def) [26]
Overfull \hbox (207.65822pt too wide) in paragraph at lines 1645--1650
[]\T1/ptm/m/n/10 The ac-tual code to per-form this is not par-tic-u-larly dif-f
i-cult (\T1/zi4/m/n/10 df[checkbox] <- lapply(df[checkbox], factor, levels=leve
ls, labels=labels)\T1/ptm/m/n/10 ),
[27]
Underfull \vbox (badness 10000) has occurred while \output is active [28]
Underfull \vbox (badness 10000) has occurred while \output is active [29]
(/usr/local/texlive/2016/texmf-dist/tex/latex/base/utf8.def)
(/usr/local/texlive/2016/texmf-dist/tex/latex/base/utf8.def) [30]
Overfull \hbox (0.77815pt too wide) in paragraph at lines 1903--1905
[]\T1/ptm/m/n/10 Additional Curl op-tion can be set in the \T1/zi4/m/n/10 confi
g \T1/ptm/m/n/10 ar-gu-ment. See the doc-u-men-ta-tion for \T1/zi4/m/n/10 httr:
:config
[31]
Overfull \hbox (6.99689pt too wide) in paragraph at lines 1925--1927
[]\T1/ptm/m/n/10 A tu-to-rial for find-ing and us-ing al-ter-nate SSL cer-tifi-
cates is found at [][]$\T1/zi4/m/n/10 https : / / github . com / nutterb /
(/usr/local/texlive/2016/texmf-dist/tex/latex/base/utf8.def)
(/usr/local/texlive/2016/texmf-dist/tex/latex/base/utf8.def) [32] [33pdfTeX war
ning (ext4): destination with the same identifier (name{Rfn.redcapProjectInfo.r
edcapApiConnection}) has been already used, duplicate ignored

\AtBegShi@Output ...ipout \box \AtBeginShipoutBox 
                                                  \fi \fi 
l.2050 \end{Author}
                   ]
(/usr/local/texlive/2016/texmf-dist/tex/latex/base/utf8.def) [34]
(/usr/local/texlive/2016/texmf-dist/tex/latex/base/utf8.def) [35] (./Rd2.ind
[36]

LaTeX Font Warning: Font shape `T1/zi4/m/it' undefined
(Font)              using `T1/zi4/m/n' instead on input line 9.

[37]) (./Rd2.aux)

Package rerunfilecheck Warning: File `Rd2.out' has changed.
(rerunfilecheck)                Rerun to get outlines right
(rerunfilecheck)                or use package `bookmark'.


LaTeX Font Warning: Some font shapes were not available, defaults substituted.

 )
(see the transcript file for additional information)pdfTeX warning (dest): name
{Rfn.[utils::read.csv\(\)]utils::read.csv} has been referenced but does not exi
st, replaced by a fixed one

{/usr/local/texlive/2016/texmf-dist/fonts/enc/dvips/inconsolata/i4-ts1.enc}{/us
r/local/texlive/2016/texmf-dist/fonts/enc/dvips/base/8r.enc}{/usr/local/texlive
/2016/texmf-dist/fonts/enc/dvips/inconsolata/i4-t1-0.enc}</usr/local/texlive/20
16/texmf-dist/fonts/type1/public/inconsolata/Inconsolata-zi4r.pfb></usr/local/t
exlive/2016/texmf-dist/fonts/type1/urw/helvetic/uhvr8a.pfb></usr/local/texlive/
2016/texmf-dist/fonts/type1/urw/times/utmb8a.pfb></usr/local/texlive/2016/texmf
-dist/fonts/type1/urw/times/utmr8a.pfb></usr/local/texlive/2016/texmf-dist/font
s/type1/urw/times/utmr8a.pfb></usr/local/texlive/2016/texmf-dist/fonts/type1/ur
w/times/utmri8a.pfb>
Output written on Rd2.pdf (37 pages, 165879 bytes).
Transcript written on Rd2.log.
This is makeindex, version 2.15 [TeX Live 2016] (kpathsea + Thai support).
Scanning input file ./Rd2.idx....done (32 entries accepted, 0 rejected).
Sorting entries....done (165 comparisons).
Generating output file ./Rd2.ind....done (74 lines written, 0 warnings).
Output written in ./Rd2.ind.
Transcript written in ./Rd2.ilg.
This is pdfTeX, Version 3.14159265-2.6-1.40.17 (TeX Live 2016) (preloaded format=pdflatex)
 restricted \write18 enabled.
entering extended mode

(/private/var/folders/hp/d69mv0h97bj1_7bt_zgdcff00000gp/T/RtmpZvWLVo/Rd2pdf327f
484bc725/Rd2.tex
LaTeX2e <2016/03/31>
Babel <3.9r> and hyphenation patterns for 83 language(s) loaded.

(/usr/local/texlive/2016/texmf-dist/tex/latex/base/book.cls
Document Class: book 2014/09/29 v1.4h Standard LaTeX document class
(/usr/local/texlive/2016/texmf-dist/tex/latex/base/bk10.clo))
(/usr/local/Cellar/r/3.4.3/lib/R/share/texmf/tex/latex/Rd.sty
(/usr/local/texlive/2016/texmf-dist/tex/latex/base/ifthen.sty)
(/usr/local/texlive/2016/texmf-dist/tex/latex/tools/longtable.sty)
(/usr/local/texlive/2016/texmf-dist/tex/latex/tools/bm.sty)
(/usr/local/texlive/2016/texmf-dist/tex/latex/base/alltt.sty)
(/usr/local/texlive/2016/texmf-dist/tex/latex/tools/verbatim.sty)
(/usr/local/texlive/2016/texmf-dist/tex/latex/url/url.sty)
(/usr/local/texlive/2016/texmf-dist/tex/latex/base/textcomp.sty
(/usr/local/texlive/2016/texmf-dist/tex/latex/base/ts1enc.def))
(/usr/local/texlive/2016/texmf-dist/tex/latex/base/fontenc.sty
(/usr/local/texlive/2016/texmf-dist/tex/latex/base/t1enc.def))
(/usr/local/texlive/2016/texmf-dist/tex/latex/psnfss/times.sty)
(/usr/local/texlive/2016/texmf-dist/tex/latex/inconsolata/zi4.sty
`inconsolata-zi4' v1.10, 2016/02/22 Text macros for Inconsolata (msharpe)
(/usr/local/texlive/2016/texmf-dist/tex/latex/graphics/keyval.sty))
(/usr/local/texlive/2016/texmf-dist/tex/latex/graphics/color.sty
(/usr/local/texlive/2016/texmf-dist/tex/latex/graphics-cfg/color.cfg)
(/usr/local/texlive/2016/texmf-dist/tex/latex/pdftex-def/pdftex.def
(/usr/local/texlive/2016/texmf-dist/tex/generic/oberdiek/infwarerr.sty)
(/usr/local/texlive/2016/texmf-dist/tex/generic/oberdiek/ltxcmds.sty)))
(/usr/local/texlive/2016/texmf-dist/tex/latex/hyperref/hyperref.sty
(/usr/local/texlive/2016/texmf-dist/tex/generic/oberdiek/hobsub-hyperref.sty
(/usr/local/texlive/2016/texmf-dist/tex/generic/oberdiek/hobsub-generic.sty))
(/usr/local/texlive/2016/texmf-dist/tex/generic/ifxetex/ifxetex.sty)
(/usr/local/texlive/2016/texmf-dist/tex/latex/oberdiek/auxhook.sty)
(/usr/local/texlive/2016/texmf-dist/tex/latex/oberdiek/kvoptions.sty)
(/usr/local/texlive/2016/texmf-dist/tex/latex/hyperref/pd1enc.def)
(/usr/local/texlive/2016/texmf-dist/tex/latex/latexconfig/hyperref.cfg))

Package hyperref Message: Driver (autodetected): hpdftex.

(/usr/local/texlive/2016/texmf-dist/tex/latex/hyperref/hpdftex.def
(/usr/local/texlive/2016/texmf-dist/tex/latex/oberdiek/rerunfilecheck.sty))

Package hyperref Warning: Option `hyperindex' has already been used,
(hyperref)                setting the option has no effect on input line 366.


Package hyperref Warning: Option `pagebackref' has already been used,
(hyperref)                setting the option has no effect on input line 366.

) (/usr/local/texlive/2016/texmf-dist/tex/latex/base/makeidx.sty)
(/usr/local/texlive/2016/texmf-dist/tex/latex/base/inputenc.sty
(/usr/local/texlive/2016/texmf-dist/tex/latex/base/utf8.def
(/usr/local/texlive/2016/texmf-dist/tex/latex/base/t1enc.dfu)
(/usr/local/texlive/2016/texmf-dist/tex/latex/base/ot1enc.dfu)
(/usr/local/texlive/2016/texmf-dist/tex/latex/base/omsenc.dfu)
(/usr/local/texlive/2016/texmf-dist/tex/latex/base/ts1enc.dfu))
(/usr/local/texlive/2016/texmf-dist/tex/latex/base/latin1.def))
Writing index file Rd2.idx
(./Rd2.aux) (/usr/local/texlive/2016/texmf-dist/tex/latex/base/ts1cmr.fd)
(/usr/local/texlive/2016/texmf-dist/tex/latex/psnfss/t1ptm.fd)
(/usr/local/texlive/2016/texmf-dist/tex/context/base/mkii/supp-pdf.mkii
[Loading MPS to PDF converter (version 2006.09.02).]
) (/usr/local/texlive/2016/texmf-dist/tex/latex/hyperref/nameref.sty
(/usr/local/texlive/2016/texmf-dist/tex/generic/oberdiek/gettitlestring.sty))
(./Rd2.out) (./Rd2.out)
(/usr/local/texlive/2016/texmf-dist/tex/latex/inconsolata/t1zi4.fd)
(/usr/local/texlive/2016/texmf-dist/tex/latex/psnfss/ts1ptm.fd)
(/usr/local/texlive/2016/texmf-dist/tex/latex/psnfss/t1phv.fd) (./Rd2.toc
[1{/usr/local/texlive/2016/texmf-var/fonts/map/pdftex/updmap/pdftex.map}])
(/usr/local/texlive/2016/texmf-dist/tex/latex/base/utf8.def)
(/usr/local/texlive/2016/texmf-dist/tex/latex/inconsolata/ts1zi4.fd) [2pdfTeX w
arning (ext4): destination with the same identifier (name{Rfn.allocationTable.r
edcapApiConnection}) has been already used, duplicate ignored

\AtBegShi@Output ...ipout \box \AtBeginShipoutBox 
                                                  \fi \fi 
l.88 \item[\code{strata}]
                          Field names by which to stratify the randomization.]
[3] (/usr/local/texlive/2016/texmf-dist/tex/latex/base/utf8.def)
Overfull \hbox (11.83798pt too wide) in paragraph at lines 174--181
[]\T1/zi4/m/n/10 apiCall \T1/ptm/m/n/10 is a wrap-per for at-tempt-ing to ac-ce
ss the API via \T1/zi4/m/n/10 httr::POST\T1/ptm/m/n/10 , and then via \T1/zi4/m
/n/10 RCurl::postForm

Overfull \hbox (26.629pt too wide) in paragraph at lines 193--195
[]\T1/ptm/m/n/10 List of pa-ram-e-ters to be passed to \T1/zi4/m/n/10 httr::POS
T\T1/ptm/m/n/10 's \T1/zi4/m/n/10 body \T1/ptm/m/n/10 ar-gu-ment or \T1/zi4/m/n
/10 RCurl::postForm\T1/ptm/m/n/10 's

Overfull \hbox (27.99863pt too wide) in paragraph at lines 196--198
[]\T1/ptm/m/n/10 A list of op-tions to be passed to \T1/zi4/m/n/10 httr::POST\T
1/ptm/m/n/10 's \T1/zi4/m/n/10 config \T1/ptm/m/n/10 ar-gu-ment or \T1/zi4/m/n/
10 RCurl::postForm\T1/ptm/m/n/10 's
[4] (/usr/local/texlive/2016/texmf-dist/tex/latex/base/utf8.def) [5pdfTeX warni
ng (ext4): destination with the same identifier (name{Rfn.deleteFiles.redcapApi
Connection}) has been already used, duplicate ignored

\AtBegShi@Output ...ipout \box \AtBeginShipoutBox 
                                                  \fi \fi 
l.281 \end{References}
                      ]
(/usr/local/texlive/2016/texmf-dist/tex/latex/base/utf8.def) [6pdfTeX warning (
ext4): destination with the same identifier (name{Rfn.exportArms.redcapApiConne
ction}) has been already used, duplicate ignored

\AtBegShi@Output ...ipout \box \AtBeginShipoutBox 
                                                  \fi \fi 
l.346 \end{Details}
                   ]
(/usr/local/texlive/2016/texmf-dist/tex/latex/base/utf8.def) [7pdfTeX warning (
ext4): destination with the same identifier (name{Rfn.exportEvents.redcapApiCon
nection}) has been already used, duplicate ignored

\AtBegShi@Output ...ipout \box \AtBeginShipoutBox 
                                                  \fi \fi 
l.406 \item[\code{arms}]
                         A vector of arm numbers that you wish to pull event...
] (/usr/local/texlive/2016/texmf-dist/tex/latex/base/utf8.def) [8pdfTeX warning
 (ext4): destination with the same identifier (name{Rfn.exportFiles.redcapApiCo
nnection}) has been already used, duplicate ignored

\AtBegShi@Output ...ipout \box \AtBeginShipoutBox 
                                                  \fi \fi 
l.468 ...ield, event, dir, filePrefix = TRUE, ...,
                                                  ] [9]
(/usr/local/texlive/2016/texmf-dist/tex/latex/base/utf8.def) [10pdfTeX warning 
(ext4): destination with the same identifier (name{Rfn.exportInstruments.redcap
ApiConnection}) has been already used, duplicate ignored

\AtBegShi@Output ...ipout \box \AtBeginShipoutBox 
                                                  \fi \fi 
l.602 
      ] (/usr/local/texlive/2016/texmf-dist/tex/latex/base/utf8.def) [11pdfTeX 
warning (ext4): destination with the same identifier (name{Rfn.exportMappings.r
edcapApiConnection}) has been already used, duplicate ignored

\AtBegShi@Output ...ipout \box \AtBeginShipoutBox 
                                                  \fi \fi 
l.662 \end{Author}
                  ] (/usr/local/texlive/2016/texmf-dist/tex/latex/base/utf8.def
) [12] [13pdfTeX warning (ext4): destination with the same identifier (name{Rfn
.exportMetaData.redcapApiConnection}) has been already used, duplicate ignored

\AtBegShi@Output ...ipout \box \AtBeginShipoutBox 
                                                  \fi \fi 
l.780 ## End(Not run)
                     ]
(/usr/local/texlive/2016/texmf-dist/tex/latex/base/utf8.def) [14pdfTeX warning 
(ext4): destination with the same identifier (name{Rfn.exportRecords.redcapApiC
onnection}) has been already used, duplicate ignored

\AtBegShi@Output ...ipout \box \AtBeginShipoutBox 
                                                  \fi \fi 
l.851 \item[\code{survey}]
                           specifies whether or not to export the survey ide...
]
Overfull \hbox (47.35793pt too wide) in paragraph at lines 851--861
[]\T1/ptm/m/n/10 specifies whether or not to ex-port the sur-vey iden-ti-fier f
ield (e.g., "red-cap_survey_identifier")

Overfull \hbox (28.1686pt too wide) in paragraph at lines 875--876
[]\T1/ptm/m/n/10 A (named) vec-tor of colum classes passed to [][]\T1/zi4/m/n/1
0 [utils::read.csv()]utils::read.csv[][][]
[15] [16]
Underfull \vbox (badness 10000) has occurred while \output is active [17]
(/usr/local/texlive/2016/texmf-dist/tex/latex/base/utf8.def) [18pdfTeX warning 
(ext4): destination with the same identifier (name{Rfn.exportReports.redcapApiC
onnection}) has been already used, duplicate ignored

\AtBegShi@Output ...ipout \box \AtBeginShipoutBox 
                                                  \fi \fi 
l.1104 \end{Author}
                   ]
(/usr/local/texlive/2016/texmf-dist/tex/latex/base/utf8.def) [19pdfTeX warning 
(ext4): destination with the same identifier (name{Rfn.exportUsers.redcapApiCon
nection}) has been already used, duplicate ignored

\AtBegShi@Output ...ipout \box \AtBeginShipoutBox 
                                                  \fi \fi 
l.1175 \end{References}
                       ]
(/usr/local/texlive/2016/texmf-dist/tex/latex/base/utf8.def) [20]
(/usr/local/texlive/2016/texmf-dist/tex/latex/base/utf8.def) [21pdfTeX warning 
(ext4): destination with the same identifier (name{Rfn.exportVersion.redcapApiC
onnection}) has been already used, duplicate ignored

\AtBegShi@Output ...ipout \box \AtBeginShipoutBox 
                                                  \fi \fi 
l.1292 \item[\code{d}]
                       A data files, as returned by \code{exportRecords}]
Overfull \hbox (12.03923pt too wide) in paragraph at lines 1308--1310
[]\T1/ptm/m/n/10 The vari-able name be-ing con-verted. This is used only when \
T1/zi4/m/n/10 checkboxLabels=TRUE
(/usr/local/texlive/2016/texmf-dist/tex/latex/base/utf8.def) [22pdfTeX warning 
(ext4): destination with the same identifier (name{Rfn.importFiles.redcapApiCon
nection}) has been already used, duplicate ignored

\AtBegShi@Output ...ipout \box \AtBeginShipoutBox 
                                                  \fi \fi 
l.1358 \item[\code{event}]
                           The event name for the file.  Must be length 1.  ...
] (/usr/local/texlive/2016/texmf-dist/tex/latex/base/utf8.def) [23pdfTeX warnin
g (ext4): destination with the same identifier (name{Rfn.importRecords.redcapAp
iConnection}) has been already used, duplicate ignored

\AtBegShi@Output ...ipout \box \AtBeginShipoutBox 
                                                  \fi \fi 
l.1416 ## S3 method for class 'redcapDbConnection'
                                                  ] [24]
Overfull \hbox (7.28088pt too wide) in paragraph at lines 1494--1498
[][][]$\T1/zi4/m/n/10 http : / / stackoverflow . com / questions / 12393004 / p
arsing-[]back-[]to-[]messy-[]api-[]strcuture /

Overfull \hbox (9.28088pt too wide) in paragraph at lines 1494--1498
[][]$\T1/zi4/m/n/10 https : / / github . com / etb / my-[]R-[]code / blob / mas
ter / R-[]pull-[]and-[]push-[]from-[]and-[]to-[]REDCap .
[25] (/usr/local/texlive/2016/texmf-dist/tex/latex/base/utf8.def)
(/usr/local/texlive/2016/texmf-dist/tex/latex/base/utf8.def) [26]
Overfull \hbox (207.65822pt too wide) in paragraph at lines 1645--1650
[]\T1/ptm/m/n/10 The ac-tual code to per-form this is not par-tic-u-larly dif-f
i-cult (\T1/zi4/m/n/10 df[checkbox] <- lapply(df[checkbox], factor, levels=leve
ls, labels=labels)\T1/ptm/m/n/10 ),
[27]
Underfull \vbox (badness 10000) has occurred while \output is active [28]
Underfull \vbox (badness 10000) has occurred while \output is active [29]
(/usr/local/texlive/2016/texmf-dist/tex/latex/base/utf8.def)
(/usr/local/texlive/2016/texmf-dist/tex/latex/base/utf8.def) [30]
Overfull \hbox (0.77815pt too wide) in paragraph at lines 1903--1905
[]\T1/ptm/m/n/10 Additional Curl op-tion can be set in the \T1/zi4/m/n/10 confi
g \T1/ptm/m/n/10 ar-gu-ment. See the doc-u-men-ta-tion for \T1/zi4/m/n/10 httr:
:config
[31]
Overfull \hbox (6.99689pt too wide) in paragraph at lines 1925--1927
[]\T1/ptm/m/n/10 A tu-to-rial for find-ing and us-ing al-ter-nate SSL cer-tifi-
cates is found at [][]$\T1/zi4/m/n/10 https : / / github . com / nutterb /
(/usr/local/texlive/2016/texmf-dist/tex/latex/base/utf8.def)
(/usr/local/texlive/2016/texmf-dist/tex/latex/base/utf8.def) [32] [33pdfTeX war
ning (ext4): destination with the same identifier (name{Rfn.redcapProjectInfo.r
edcapApiConnection}) has been already used, duplicate ignored

\AtBegShi@Output ...ipout \box \AtBeginShipoutBox 
                                                  \fi \fi 
l.2050 \end{Author}
                   ]
(/usr/local/texlive/2016/texmf-dist/tex/latex/base/utf8.def) [34]
(/usr/local/texlive/2016/texmf-dist/tex/latex/base/utf8.def) [35] (./Rd2.ind
[36]

LaTeX Font Warning: Font shape `T1/zi4/m/it' undefined
(Font)              using `T1/zi4/m/n' instead on input line 9.

[37]) (./Rd2.aux)

LaTeX Font Warning: Some font shapes were not available, defaults substituted.

 )
(see the transcript file for additional information)pdfTeX warning (dest): name
{Rfn.[utils::read.csv\(\)]utils::read.csv} has been referenced but does not exi
st, replaced by a fixed one

{/usr/local/texlive/2016/texmf-dist/fonts/enc/dvips/inconsolata/i4-ts1.enc}{/us
r/local/texlive/2016/texmf-dist/fonts/enc/dvips/base/8r.enc}{/usr/local/texlive
/2016/texmf-dist/fonts/enc/dvips/inconsolata/i4-t1-0.enc}</usr/local/texlive/20
16/texmf-dist/fonts/type1/public/inconsolata/Inconsolata-zi4r.pfb></usr/local/t
exlive/2016/texmf-dist/fonts/type1/urw/helvetic/uhvr8a.pfb></usr/local/texlive/
2016/texmf-dist/fonts/type1/urw/times/utmb8a.pfb></usr/local/texlive/2016/texmf
-dist/fonts/type1/urw/times/utmr8a.pfb></usr/local/texlive/2016/texmf-dist/font
s/type1/urw/times/utmr8a.pfb></usr/local/texlive/2016/texmf-dist/fonts/type1/ur
w/times/utmri8a.pfb>
Output written on Rd2.pdf (37 pages, 166621 bytes).
Transcript written on Rd2.log.
Saving output to ‘redcapAPI-manual.pdf’ ...
Done
You may want to clean up by 'rm -rf /var/folders/hp/d69mv0h97bj1_7bt_zgdcff00000gp/T//RtmpZvWLVo/Rd2pdf327f484bc725'
